INFO:     Started server process [35020]
INFO:     Waiting for application startup.
INFO:     Application startup complete.
INFO:     Uvicorn running on http://0.0.0.0:8000 (Press CTRL+C to quit)
ERROR:    Exception in ASGI application
Traceback (most recent call last):
  File "D:\虚拟C盘\RAG项目_动力装备知识库\.venv\Lib\site-packages\uvicorn\protocols\http\httptools_impl.py", line 420, in run_asgi
    result = await app(  # type: ignore[func-returns-value]
             ^^^^^^^^^^^^^^^^^^^^^^^^^^^^^^^^^^^^^^^^^^^^^^
  File "D:\虚拟C盘\RAG项目_动力装备知识库\.venv\Lib\site-packages\uvicorn\middleware\proxy_headers.py", line 60, in __call__
    return await self.app(scope, receive, send)
           ^^^^^^^^^^^^^^^^^^^^^^^^^^^^^^^^^^^^
  File "D:\虚拟C盘\RAG项目_动力装备知识库\.venv\Lib\site-packages\fastapi\applications.py", line 1163, in __call__
    await super().__call__(scope, receive, send)
  File "D:\虚拟C盘\RAG项目_动力装备知识库\.venv\Lib\site-packages\starlette\applications.py", line 90, in __call__
    await self.middleware_stack(scope, receive, send)
  File "D:\虚拟C盘\RAG项目_动力装备知识库\.venv\Lib\site-packages\starlette\middleware\errors.py", line 186, in __call__
    raise exc
  File "D:\虚拟C盘\RAG项目_动力装备知识库\.venv\Lib\site-packages\starlette\middleware\errors.py", line 164, in __call__
    await self.app(scope, receive, _send)
  File "D:\虚拟C盘\RAG项目_动力装备知识库\.venv\Lib\site-packages\starlette\middleware\cors.py", line 88, in __call__
    await self.app(scope, receive, send)
  File "D:\虚拟C盘\RAG项目_动力装备知识库\.venv\Lib\site-packages\starlette\middleware\exceptions.py", line 63, in __call__
    await wrap_app_handling_exceptions(self.app, conn)(scope, receive, send)
  File "D:\虚拟C盘\RAG项目_动力装备知识库\.venv\Lib\site-packages\starlette\_exception_handler.py", line 53, in wrapped_app
    raise exc
  File "D:\虚拟C盘\RAG项目_动力装备知识库\.venv\Lib\site-packages\starlette\_exception_handler.py", line 42, in wrapped_app
    await app(scope, receive, sender)
  File "D:\虚拟C盘\RAG项目_动力装备知识库\.venv\Lib\site-packages\fastapi\middleware\asyncexitstack.py", line 18, in __call__
    await self.app(scope, receive, send)
  File "D:\虚拟C盘\RAG项目_动力装备知识库\.venv\Lib\site-packages\starlette\routing.py", line 660, in __call__
    await self.middleware_stack(scope, receive, send)
  File "D:\虚拟C盘\RAG项目_动力装备知识库\.venv\Lib\site-packages\starlette\routing.py", line 680, in app
    await route.handle(scope, receive, send)
  File "D:\虚拟C盘\RAG项目_动力装备知识库\.venv\Lib\site-packages\starlette\routing.py", line 276, in handle
    await self.app(scope, receive, send)
  File "D:\虚拟C盘\RAG项目_动力装备知识库\.venv\Lib\site-packages\fastapi\routing.py", line 134, in app
    await wrap_app_handling_exceptions(app, request)(scope, receive, send)
  File "D:\虚拟C盘\RAG项目_动力装备知识库\.venv\Lib\site-packages\starlette\_exception_handler.py", line 53, in wrapped_app
    raise exc
  File "D:\虚拟C盘\RAG项目_动力装备知识库\.venv\Lib\site-packages\starlette\_exception_handler.py", line 42, in wrapped_app
    await app(scope, receive, sender)
  File "D:\虚拟C盘\RAG项目_动力装备知识库\.venv\Lib\site-packages\fastapi\routing.py", line 120, in app
    response = await f(request)
               ^^^^^^^^^^^^^^^^
  File "D:\虚拟C盘\RAG项目_动力装备知识库\.venv\Lib\site-packages\fastapi\routing.py", line 674, in app
    raw_response = await run_endpoint_function(
                   ^^^^^^^^^^^^^^^^^^^^^^^^^^^^
  File "D:\虚拟C盘\RAG项目_动力装备知识库\.venv\Lib\site-packages\fastapi\routing.py", line 328, in run_endpoint_function
    return await dependant.call(**values)
           ^^^^^^^^^^^^^^^^^^^^^^^^^^^^^^
  File "D:\虚拟C盘\RAG项目_动力装备知识库\02_代码\个人代码\纪文龙\chroma_rag_poc\src\chroma_rag_poc\api.py", line 250, in stats
    return get_all_stats(persist_dir=request.app.state.persist_dir)
           ^^^^^^^^^^^^^^^^^^^^^^^^^^^^^^^^^^^^^^^^^^^^^^^^^^^^^^^^
  File "D:\虚拟C盘\RAG项目_动力装备知识库\02_代码\个人代码\纪文龙\chroma_rag_poc\src\chroma_rag_poc\pipeline.py", line 302, in get_all_stats
    count = coll.count()
            ^^^^^^^^^^^^
  File "D:\虚拟C盘\RAG项目_动力装备知识库\.venv\Lib\site-packages\chromadb\api\models\Collection.py", line 53, in count
    return self._client._count(
           ^^^^^^^^^^^^^^^^^^^^
  File "D:\虚拟C盘\RAG项目_动力装备知识库\.venv\Lib\site-packages\chromadb\api\rust.py", line 397, in _count
    return self.bindings.count(str(collection_id), tenant, database)
           ^^^^^^^^^^^^^^^^^^^^^^^^^^^^^^^^^^^^^^^^^^^^^^^^^^^^^^^^^
chromadb.errors.InternalError: Error executing plan: Error sending backfill request to compactor: Error reading from metadata segment reader: error occurred while decoding column 0: mismatched types; Rust type `u64` (as SQL type `INTEGER`) is not compatible with SQL type `BLOB` 
