0 verbose cli C:\Program Files\nodejs\node.exe C:\Program Files\nodejs\node_modules\npm\bin\npm-cli.js
1 info using npm@10.9.2
2 info using node@v22.17.0
3 silly config load:file:C:\Program Files\nodejs\node_modules\npm\npmrc
4 silly config load:file:D:\ÞÖÜµïƒCþøÿ\RAG\mooncake-material-studio\.npmrc
5 silly config load:file:C:\Users\15410\.npmrc
6 silly config load:file:C:\Users\15410\AppData\Roaming\npm\etc\npmrc
7 verbose title npm exec playwright screenshot --browser=chromium --viewport-size=1440,1024 http://127.0.0.1:5173 qa\implementation-desktop-1440x1024.png
8 verbose argv "exec" "--" "playwright" "screenshot" "--browser=chromium" "--viewport-size=1440,1024" "http://127.0.0.1:5173" "qa\\implementation-desktop-1440x1024.png"
9 verbose logfile logs-max:10 dir:D:\ÞÖÜµïƒCþøÿ\RAG\mooncake-material-studio\.npm-cache\_logs\2026-06-13T16_55_27_960Z-
10 verbose logfile D:\ÞÖÜµïƒCþøÿ\RAG\mooncake-material-studio\.npm-cache\_logs\2026-06-13T16_55_27_960Z-debug-0.log
11 silly logfile start cleaning logs, removing 1 files
12 silly logfile done cleaning log files
13 silly packumentCache heap:4345298944 maxSize:1086324736 maxEntrySize:543162368
14 verbose shrinkwrap failed to load node_modules/.package-lock.json out of date, updated: node_modules
15 http fetch GET 200 https://registry.npmjs.org/playwright 613ms (cache revalidated)
16 silly packumentCache heap:4345298944 maxSize:1086324736 maxEntrySize:543162368
17 silly packumentCache heap:4345298944 maxSize:1086324736 maxEntrySize:543162368
18 verbose cwd D:\ÞÖÜµïƒCþøÿ\RAG\mooncake-material-studio
19 verbose os Windows_NT 10.0.22621
20 verbose node v22.17.0
21 verbose npm  v10.9.2
22 verbose exit 0
23 info ok
