\BOOKMARK [1][-]{section.1}{\376\377\116\000\123\345\213\335\140\073\176\323}{}% 1
\BOOKMARK [1][-]{section.2}{\376\377\145\164\117\123\155\101\172\013\126\376}{}% 2
\BOOKMARK [1][-]{section.3}{\376\377\173\054\0001\153\145\377\032\211\343\147\220\000J\000S\000O\000N}{}% 3
\BOOKMARK [1][-]{section.4}{\376\377\173\054\0001\000.\0005\153\145\377\032\145\160\143\156\156\005\155\027}{}% 4
\BOOKMARK [1][-]{section.5}{\376\377\173\054\0002\153\145\377\032\145\207\147\054\122\006\127\127}{}% 5
\BOOKMARK [1][-]{section.6}{\376\377\173\054\0003\153\145\377\032\124\021\221\317\123\026}{}% 6
\BOOKMARK [1][-]{section.7}{\376\377\173\054\0004\153\145\377\032\155\367\124\010\150\300\175\042}{}% 7
\BOOKMARK [1][-]{section.8}{\376\377\173\054\0005\153\145\377\032\000R\000A\000G\225\356\173\124}{}% 8
\BOOKMARK [1][-]{section.9}{\376\377\137\000\127\072\377\010\0003\0000\171\322\377\011}{}% 9
\BOOKMARK [1][-]{section.10}{\376\377\145\160\143\156\151\202\121\265\377\010\0001\122\006\224\237\377\011}{}% 10
\BOOKMARK [1][-]{section.11}{\376\377\142\200\147\057\116\256\160\271\377\010\0002\122\006\224\237\377\011}{}% 11
\BOOKMARK [1][-]{section.12}{\376\377\116\013\116\000\153\145\213\241\122\022\377\010\0003\0000\171\322\377\011}{}% 12
\BOOKMARK [1][-]{section.13}{\376\377\122\030\215\205\123\357\200\375\225\356\166\204\225\356\230\230}{}% 13
\BOOKMARK [2][-]{subsection.13.1}{\376\377\000Q\000:\000\040\116\072\116\300\116\110\165\050\000B\000G\000E\000-\000m\0003\116\015\165\050\121\166\116\326\152\041\127\213\377\037}{section.13}% 14
\BOOKMARK [2][-]{subsection.13.2}{\376\377\000Q\000:\000\040\155\367\124\010\150\300\175\042\153\324\176\257\213\355\116\111\150\300\175\042\131\175\131\032\134\021\377\037}{section.13}% 15
\BOOKMARK [2][-]{subsection.13.3}{\376\377\000Q\000:\000\040\116\072\116\300\116\110\122\006\127\127\165\050\0005\0000\0000\133\127\173\046\377\037}{section.13}% 16
\BOOKMARK [2][-]{subsection.13.4}{\376\377\000Q\000:\000\040\000R\000R\000F\166\204\0007\0000\000/\0003\0000\153\324\117\213\140\016\116\110\133\232\166\204\377\037}{section.13}% 17
\BOOKMARK [2][-]{subsection.13.5}{\376\377\000Q\000:\000\040\0001\0000\0000\0000\147\054\142\113\121\214\200\375\215\321\137\227\122\250\124\027\377\037}{section.13}% 18
\BOOKMARK [2][-]{subsection.13.6}{\376\377\000Q\000:\000\040\123\314\150\017\145\207\147\054\116\244\123\311\166\204\225\356\230\230\211\343\121\263\116\206\124\027\377\037}{section.13}% 19
\BOOKMARK [1][-]{section.14}{\376\377\116\343\170\001\127\050\124\352}{}% 20
